#
# There is insufficient memory for the Java Runtime Environment to continue.
# Native memory allocation (mmap) failed to map 1605632 bytes for G1 virtual space
# Possible reasons:
#   The system is out of physical RAM or swap space
#   The process is running with CompressedOops enabled, and the Java Heap may be blocking the growth of the native heap
# Possible solutions:
#   Reduce memory load on the system
#   Increase physical memory or swap space
#   Check if swap backing store is full
#   Decrease Java heap size (-Xmx/-Xms)
#   Decrease number of Java threads
#   Decrease Java thread stack sizes (-Xss)
#   Set larger code cache with -XX:ReservedCodeCacheSize=
#   JVM is running with Zero Based Compressed Oops mode in which the Java heap is
#     placed in the first 32GB address space. The Java Heap base address is the
#     maximum limit for the native heap growth. Please use -XX:HeapBaseMinAddress
#     to set the Java Heap base and to place the Java Heap above 32GB virtual address.
# This output file may be truncated or incomplete.
#
#  Out of Memory Error (os_windows.cpp:3532), pid=51384, tid=46460
#
# JRE version: Java(TM) SE Runtime Environment (17.0.2+8) (build 17.0.2+8-LTS-86)
# Java VM: Java HotSpot(TM) 64-Bit Server VM (17.0.2+8-LTS-86, mixed mode, emulated-client, sharing, tiered, compressed oops, compressed class ptrs, g1 gc, windows-amd64)
# No core dump will be written. Minidumps are not enabled by default on client versions of Windows
#

---------------  S U M M A R Y ------------

Command Line: -XX:TieredStopAtLevel=1 -Dspring.output.ansi.enabled=always -Dcom.sun.management.jmxremote -Dspring.jmx.enabled=true -Dspring.liveBeansView.mbeanDomain -Dspring.application.admin.enabled=true -Dmanagement.endpoints.jmx.exposure.include=* -javaagent:D:\JetBrains\IntelliJ IDEA 2023.3.4\lib\idea_rt.jar=63579:D:\JetBrains\IntelliJ IDEA 2023.3.4\bin -Dfile.encoding=UTF-8 com.example.gateway.SpringconsumerApplication

Host: 11th Gen Intel(R) Core(TM) i5-11300H @ 3.10GHz, 8 cores, 15G,  Windows 11 , 64 bit Build 22000 (10.0.22000.2538)
Time: Tue Apr 23 21:18:37 2024  Windows 11 , 64 bit Build 22000 (10.0.22000.2538) elapsed time: 7.610370 seconds (0d 0h 0m 7s)

---------------  T H R E A D  ---------------

Current thread (0x000001bad0030420):  VMThread "VM Thread" [stack: 0x000000609e500000,0x000000609e600000] [id=46460]

Stack: [0x000000609e500000,0x000000609e600000]
Native frames: (J=compiled Java code, j=interpreted, Vv=VM code, C=native code)
V  [jvm.dll+0x670baa]
V  [jvm.dll+0x7cfcb4]
V  [jvm.dll+0x7d145e]
V  [jvm.dll+0x7d1ac3]
V  [jvm.dll+0x242bc5]
V  [jvm.dll+0x66dac9]
V  [jvm.dll+0x662412]
V  [jvm.dll+0x300c0b]
V  [jvm.dll+0x3081a6]
V  [jvm.dll+0x357d23]
V  [jvm.dll+0x357f3f]
V  [jvm.dll+0x2d7ec8]
V  [jvm.dll+0x2d6194]
V  [jvm.dll+0x2d579c]
V  [jvm.dll+0x3190eb]
V  [jvm.dll+0x7d5f9b]
V  [jvm.dll+0x7d6cd4]
V  [jvm.dll+0x7d71ec]
V  [jvm.dll+0x7d75c4]
V  [jvm.dll+0x7d7690]
V  [jvm.dll+0x77ff7a]
V  [jvm.dll+0x66fa35]
C  [ucrtbase.dll+0x26c0c]
C  [KERNEL32.DLL+0x153e0]
C  [ntdll.dll+0x485b]

VM_Operation (0x000000609dffcdd0): G1CollectForAllocation, mode: safepoint, requested by thread 0x000001bab762eaf0


---------------  P R O C E S S  ---------------

Threads class SMR info:
_java_thread_list=0x000001bad1298030, length=21, elements={
0x000001bab762eaf0, 0x000001bad0035ec0, 0x000001bad0036a70, 0x000001bad0050f70,
0x000001bad0051920, 0x000001bad005a2f0, 0x000001bad005e8d0, 0x000001bad005ef40,
0x000001bad00622a0, 0x000001bad0023460, 0x000001bad0ffe940, 0x000001bad1072aa0,
0x000001bad1201b90, 0x000001bad172e6a0, 0x000001bad1732060, 0x000001bad177a920,
0x000001bad17316c0, 0x000001bad172eb70, 0x000001bad172f510, 0x000001bad17311f0,
0x000001bad172f040
}

Java Threads: ( => current thread )
  0x000001bab762eaf0 JavaThread "main" [_thread_blocked, id=62924, stack(0x000000609df00000,0x000000609e000000)]
  0x000001bad0035ec0 JavaThread "Reference Handler" daemon [_thread_blocked, id=53668, stack(0x000000609e600000,0x000000609e700000)]
  0x000001bad0036a70 JavaThread "Finalizer" daemon [_thread_blocked, id=53856, stack(0x000000609e700000,0x000000609e800000)]
  0x000001bad0050f70 JavaThread "Signal Dispatcher" daemon [_thread_blocked, id=60300, stack(0x000000609e800000,0x000000609e900000)]
  0x000001bad0051920 JavaThread "Attach Listener" daemon [_thread_blocked, id=64612, stack(0x000000609e900000,0x000000609ea00000)]
  0x000001bad005a2f0 JavaThread "Service Thread" daemon [_thread_blocked, id=23092, stack(0x000000609ea00000,0x000000609eb00000)]
  0x000001bad005e8d0 JavaThread "Monitor Deflation Thread" daemon [_thread_blocked, id=13000, stack(0x000000609eb00000,0x000000609ec00000)]
  0x000001bad005ef40 JavaThread "C1 CompilerThread0" daemon [_thread_blocked, id=61572, stack(0x000000609ec00000,0x000000609ed00000)]
  0x000001bad00622a0 JavaThread "Sweeper thread" daemon [_thread_blocked, id=54784, stack(0x000000609ed00000,0x000000609ee00000)]
  0x000001bad0023460 JavaThread "Common-Cleaner" daemon [_thread_blocked, id=58968, stack(0x000000609ee00000,0x000000609ef00000)]
  0x000001bad0ffe940 JavaThread "Monitor Ctrl-Break" daemon [_thread_in_native, id=15916, stack(0x000000609f100000,0x000000609f200000)]
  0x000001bad1072aa0 JavaThread "Notification Thread" daemon [_thread_blocked, id=59036, stack(0x000000609f200000,0x000000609f300000)]
  0x000001bad1201b90 JavaThread "RMI TCP Accept-0" daemon [_thread_in_native, id=46220, stack(0x000000609f300000,0x000000609f400000)]
  0x000001bad172e6a0 JavaThread "RMI TCP Connection(1)-10.61.108.18" daemon [_thread_in_native, id=40892, stack(0x000000609fd00000,0x000000609fe00000)]
  0x000001bad1732060 JavaThread "RMI Scheduler(0)" daemon [_thread_blocked, id=14028, stack(0x000000609fe00000,0x000000609ff00000)]
  0x000001bad177a920 JavaThread "C1 CompilerThread1" daemon [_thread_blocked, id=48512, stack(0x000000609ef00000,0x000000609f000000)]
  0x000001bad17316c0 JavaThread "Catalina-utility-1" [_thread_blocked, id=49824, stack(0x00000060a0300000,0x00000060a0400000)]
  0x000001bad172eb70 JavaThread "Catalina-utility-2" [_thread_blocked, id=70372, stack(0x00000060a0400000,0x00000060a0500000)]
  0x000001bad172f510 JavaThread "container-0" [_thread_blocked, id=53572, stack(0x00000060a0500000,0x00000060a0600000)]
  0x000001bad17311f0 JavaThread "spring.cloud.inetutils" daemon [_thread_in_native, id=68544, stack(0x00000060a0600000,0x00000060a0700000)]
  0x000001bad172f040 JavaThread "mysql-cj-abandoned-connection-cleanup" daemon [_thread_blocked, id=59240, stack(0x000000609ff00000,0x00000060a0000000)]

Other Threads:
=>0x000001bad0030420 VMThread "VM Thread" [stack: 0x000000609e500000,0x000000609e600000] [id=46460]
  0x000001bab762f960 WatcherThread [stack: 0x000000609f400000,0x000000609f500000] [id=68088]
  0x000001bab767f990 GCTaskThread "GC Thread#0" [stack: 0x000000609e000000,0x000000609e100000] [id=9948]
  0x000001bad160d5d0 GCTaskThread "GC Thread#1" [stack: 0x000000609f500000,0x000000609f600000] [id=37860]
  0x000001bad160e090 GCTaskThread "GC Thread#2" [stack: 0x000000609f600000,0x000000609f700000] [id=55284]
  0x000001bad160db30 GCTaskThread "GC Thread#3" [stack: 0x000000609f700000,0x000000609f800000] [id=44900]
  0x000001bad160dde0 GCTaskThread "GC Thread#4" [stack: 0x000000609f800000,0x000000609f900000] [id=53448]
  0x000001bad160cb10 GCTaskThread "GC Thread#5" [stack: 0x000000609f900000,0x000000609fa00000] [id=69612]
  0x000001bad160e340 GCTaskThread "GC Thread#6" [stack: 0x000000609fa00000,0x000000609fb00000] [id=65140]
  0x000001bad160d880 GCTaskThread "GC Thread#7" [stack: 0x00000060a0100000,0x00000060a0200000] [id=67660]
  0x000001bab7690560 ConcurrentGCThread "G1 Main Marker" [stack: 0x000000609e100000,0x000000609e200000] [id=68904]
  0x000001bab7690f70 ConcurrentGCThread "G1 Conc#0" [stack: 0x000000609e200000,0x000000609e300000] [id=68916]
  0x000001bad292d580 ConcurrentGCThread "G1 Conc#1" [stack: 0x00000060a0200000,0x00000060a0300000] [id=14876]
  0x000001bab76fd770 ConcurrentGCThread "G1 Refine#0" [stack: 0x000000609e300000,0x000000609e400000] [id=13996]
  0x000001bad1611d30 ConcurrentGCThread "G1 Refine#1" [stack: 0x000000609fb00000,0x000000609fc00000] [id=59088]
  0x000001bad15cc870 ConcurrentGCThread "G1 Refine#2" [stack: 0x000000609fc00000,0x000000609fd00000] [id=51252]
  0x000001bab76fe190 ConcurrentGCThread "G1 Service" [stack: 0x000000609e400000,0x000000609e500000] [id=44452]

Threads with active compile tasks:

VM state: at safepoint (normal execution)

VM Mutex/Monitor currently owned by a thread:  ([mutex/lock_event])
[0x000001bab762c350] Threads_lock - owner thread: 0x000001bad0030420
[0x000001bab762c470] Heap_lock - owner thread: 0x000001bab762eaf0

Heap address: 0x0000000703600000, size: 4042 MB, Compressed Oops mode: Zero based, Oop shift amount: 3

CDS archive(s) mapped at: [0x0000000800000000-0x0000000800bc0000-0x0000000800bc0000), size 12320768, SharedBaseAddress: 0x0000000800000000, ArchiveRelocationMode: 0.
Compressed class space mapped at: 0x0000000800c00000-0x0000000840c00000, reserved size: 1073741824
Narrow klass base: 0x0000000800000000, Narrow klass shift: 0, Narrow klass range: 0x100000000

GC Precious Log:
 CPUs: 8 total, 8 available
 Memory: 16167M
 Large Page Support: Disabled
 NUMA Support: Disabled
 Compressed Oops: Enabled (Zero based)
 Heap Region Size: 2M
 Heap Min Capacity: 8M
 Heap Initial Capacity: 254M
 Heap Max Capacity: 4042M
 Pre-touch: Disabled
 Parallel Workers: 8
 Concurrent Workers: 2
 Concurrent Refinement Workers: 8
 Periodic GC: Disabled

Heap:
 garbage-first heap   total 61440K, used 22303K [0x0000000703600000, 0x0000000800000000)
  region size 2048K, 2 young (4096K), 2 survivors (4096K)
 Metaspace       used 33961K, committed 34496K, reserved 1081344K
  class space    used 4699K, committed 4928K, reserved 1048576K

Heap Regions: E=young(eden), S=young(survivor), O=old, HS=humongous(starts), HC=humongous(continues), CS=collection set, F=free, OA=open archive, CA=closed archive, TAMS=top-at-mark-start (previous, next)
|   0|0x0000000703600000, 0x0000000703800000, 0x0000000703800000|100%| O|  |TAMS 0x0000000703800000, 0x0000000703600000| Untracked 
|   1|0x0000000703800000, 0x0000000703a00000, 0x0000000703a00000|100%| O|  |TAMS 0x0000000703a00000, 0x0000000703800000| Untracked 
|   2|0x0000000703a00000, 0x0000000703c00000, 0x0000000703c00000|100%| O|  |TAMS 0x0000000703c00000, 0x0000000703a00000| Untracked 
|   3|0x0000000703c00000, 0x0000000703e00000, 0x0000000703e00000|100%| O|  |TAMS 0x0000000703c00000, 0x0000000703c00000| Untracked 
|   4|0x0000000703e00000, 0x0000000704000000, 0x0000000704000000|100%| O|  |TAMS 0x0000000703e00000, 0x0000000703e00000| Untracked 
|   5|0x0000000704000000, 0x0000000704200000, 0x0000000704200000|100%| O|  |TAMS 0x0000000704000000, 0x0000000704000000| Untracked 
|   6|0x0000000704200000, 0x0000000704400000, 0x0000000704400000|100%| O|  |TAMS 0x0000000704200000, 0x0000000704200000| Untracked 
|   7|0x0000000704400000, 0x0000000704600000, 0x0000000704600000|100%| O|  |TAMS 0x0000000704400000, 0x0000000704400000| Untracked 
|   8|0x0000000704600000, 0x0000000704800000, 0x0000000704800000|100%| O|  |TAMS 0x0000000704600000, 0x0000000704600000| Untracked 
|   9|0x0000000704800000, 0x0000000704979000, 0x0000000704a00000| 73%| O|  |TAMS 0x0000000704800000, 0x0000000704800000| Untracked 
|  10|0x0000000704a00000, 0x0000000704a00000, 0x0000000704c00000|  0%| F|  |TAMS 0x0000000704a00000, 0x0000000704a00000| Untracked 
|  11|0x0000000704c00000, 0x0000000704c00000, 0x0000000704e00000|  0%| F|  |TAMS 0x0000000704c00000, 0x0000000704c00000| Untracked 
|  12|0x0000000704e00000, 0x0000000704e00000, 0x0000000705000000|  0%| F|  |TAMS 0x0000000704e00000, 0x0000000704e00000| Untracked 
|  13|0x0000000705000000, 0x0000000705000000, 0x0000000705200000|  0%| F|  |TAMS 0x0000000705000000, 0x0000000705000000| Untracked 
|  14|0x0000000705200000, 0x0000000705200000, 0x0000000705400000|  0%| F|  |TAMS 0x0000000705200000, 0x0000000705200000| Untracked 
|  15|0x0000000705400000, 0x0000000705400000, 0x0000000705600000|  0%| F|  |TAMS 0x0000000705400000, 0x0000000705400000| Untracked 
|  16|0x0000000705600000, 0x000000070564edb0, 0x0000000705800000| 15%| S|CS|TAMS 0x0000000705600000, 0x0000000705600000| Complete 
|  17|0x0000000705800000, 0x0000000705800000, 0x0000000705a00000|  0%| F|  |TAMS 0x0000000705800000, 0x0000000705800000| Untracked 
|  18|0x0000000705a00000, 0x0000000705c00000, 0x0000000705c00000|100%| S|CS|TAMS 0x0000000705a00000, 0x0000000705a00000| Complete 
|  19|0x0000000705c00000, 0x0000000705c00000, 0x0000000705e00000|  0%| F|  |TAMS 0x0000000705c00000, 0x0000000705c00000| Untracked 
|  20|0x0000000705e00000, 0x0000000705e00000, 0x0000000706000000|  0%| F|  |TAMS 0x0000000705e00000, 0x0000000705e00000| Untracked 
|  21|0x0000000706000000, 0x0000000706000000, 0x0000000706200000|  0%| F|  |TAMS 0x0000000706000000, 0x0000000706000000| Untracked 
|  22|0x0000000706200000, 0x0000000706200000, 0x0000000706400000|  0%| F|  |TAMS 0x0000000706200000, 0x0000000706200000| Untracked 
|  23|0x0000000706400000, 0x0000000706400000, 0x0000000706600000|  0%| F|  |TAMS 0x0000000706400000, 0x0000000706400000| Untracked 
|  24|0x0000000706600000, 0x0000000706600000, 0x0000000706800000|  0%| F|  |TAMS 0x0000000706600000, 0x0000000706600000| Untracked 
| 118|0x0000000712200000, 0x0000000712200000, 0x0000000712400000|  0%| F|  |TAMS 0x0000000712200000, 0x0000000712200000| Untracked 
| 119|0x0000000712400000, 0x0000000712400000, 0x0000000712600000|  0%| F|  |TAMS 0x0000000712400000, 0x0000000712400000| Untracked 
| 120|0x0000000712600000, 0x0000000712600000, 0x0000000712800000|  0%| F|  |TAMS 0x0000000712600000, 0x0000000712600000| Untracked 
| 121|0x0000000712800000, 0x0000000712800000, 0x0000000712a00000|  0%| F|  |TAMS 0x0000000712800000, 0x0000000712800000| Untracked 
| 126|0x0000000713200000, 0x0000000713200000, 0x0000000713400000|  0%| F|  |TAMS 0x0000000713200000, 0x0000000713200000| Untracked 

Card table byte_map: [0x000001bac4730000,0x000001bac4f20000] _byte_map_base: 0x000001bac0f15000

Marking Bits (Prev, Next): (CMBitMap*) 0x000001bab767ffe0, (CMBitMap*) 0x000001bab767ffa0
 Prev Bits: [0x000001bac9640000, 0x000001bacd568000)
 Next Bits: [0x000001bac5710000, 0x000001bac9638000)

Polling page: 0x000001bab7700000

Metaspace:

Usage:
  Non-class:     28.58 MB used.
      Class:      4.59 MB used.
       Both:     33.17 MB used.

Virtual space:
  Non-class space:       32.00 MB reserved,      28.88 MB ( 90%) committed,  4 nodes.
      Class space:        1.00 GB reserved,       4.81 MB ( <1%) committed,  1 nodes.
             Both:        1.03 GB reserved,      33.69 MB (  3%) committed. 

Chunk freelists:
   Non-Class:  3.05 MB
       Class:  3.20 MB
        Both:  6.25 MB

MaxMetaspaceSize: unlimited
CompressedClassSpaceSize: 1.00 GB
Initial GC threshold: 21.00 MB
Current GC threshold: 35.25 MB
CDS: on
MetaspaceReclaimPolicy: balanced
 - commit_granule_bytes: 65536.
 - commit_granule_words: 8192.
 - virtual_space_node_default_size: 1048576.
 - enlarge_chunks_in_place: 1.
 - new_chunks_are_fully_committed: 0.
 - uncommit_free_chunks: 1.
 - use_allocation_guard: 0.
 - handle_deallocations: 1.


Internal statistics:

num_allocs_failed_limit: 3.
num_arena_births: 640.
num_arena_deaths: 0.
num_vsnodes_births: 5.
num_vsnodes_deaths: 0.
num_space_committed: 539.
num_space_uncommitted: 0.
num_chunks_returned_to_freelist: 3.
num_chunks_taken_from_freelist: 1916.
num_chunk_merges: 3.
num_chunk_splits: 1283.
num_chunks_enlarged: 910.
num_purges: 0.
num_inconsistent_stats: 0.

CodeCache: size=49152Kb used=8863Kb max_used=9433Kb free=40288Kb
 bounds [0x000001bac0650000, 0x000001bac0f90000, 0x000001bac3650000]
 total_blobs=5006 nmethods=4470 adapters=462
 compilation: enabled
              stopped_count=0, restarted_count=0
 full_count=0

Compilation events (20 events):
Event: 7.594 Thread 0x000001bad177a920 4462       1       org.springframework.beans.PropertyValue::getName (5 bytes)
Event: 7.594 Thread 0x000001bad177a920 nmethod 4462 0x000001bac0bc1c10 code [0x000001bac0bc1da0, 0x000001bac0bc1e78]
Event: 7.594 Thread 0x000001bad005ef40 4463       1       org.springframework.jmx.export.MBeanExporter$$Lambda$884/0x00000008010c5b68::include (12 bytes)
Event: 7.594 Thread 0x000001bad177a920 4464       1       org.springframework.jmx.export.assembler.MetadataMBeanInfoAssembler::includeBean (23 bytes)
Event: 7.594 Thread 0x000001bad177a920 nmethod 4464 0x000001bac0bc1690 code [0x000001bac0bc1840, 0x000001bac0bc1a88]
Event: 7.594 Thread 0x000001bad177a920 4465       1       org.springframework.jmx.export.assembler.MetadataMBeanInfoAssembler::obtainAttributeSource (22 bytes)
Event: 7.594 Thread 0x000001bad005ef40 nmethod 4463 0x000001bac0bc1010 code [0x000001bac0bc11e0, 0x000001bac0bc1468]
Event: 7.594 Thread 0x000001bad005ef40 4468       1       org.springframework.jmx.export.annotation.AnnotationJmxAttributeSource::getManagedResource (162 bytes)
Event: 7.595 Thread 0x000001bad177a920 nmethod 4465 0x000001bac0bc0c10 code [0x000001bac0bc0da0, 0x000001bac0bc0f28]
Event: 7.595 Thread 0x000001bad177a920 4466       1       org.springframework.jmx.export.assembler.AbstractMBeanInfoAssembler::getClassToExpose (5 bytes)
Event: 7.595 Thread 0x000001bad177a920 nmethod 4466 0x000001bac0bc0910 code [0x000001bac0bc0aa0, 0x000001bac0bc0b88]
Event: 7.595 Thread 0x000001bad177a920 4467       1       org.springframework.jmx.support.JmxUtils::getClassToExpose (5 bytes)
Event: 7.595 Thread 0x000001bad177a920 nmethod 4467 0x000001bac0bc0490 code [0x000001bac0bc0640, 0x000001bac0bc07c8]
Event: 7.596 Thread 0x000001bad005ef40 nmethod 4468 0x000001bac0bbf190 code [0x000001bac0bbf460, 0x000001bac0bbfed8]
Event: 7.601 Thread 0x000001bad005ef40 4469       1       sun.util.logging.internal.LoggingProviderImpl$JULWrapper::isLoggable (12 bytes)
Event: 7.601 Thread 0x000001bad005ef40 nmethod 4469 0x000001bac0bbed90 code [0x000001bac0bbef20, 0x000001bac0bbf048]
Event: 7.601 Thread 0x000001bad177a920 4470       1       sun.reflect.generics.reflectiveObjects.WildcardTypeImpl::hashCode (20 bytes)
Event: 7.601 Thread 0x000001bad177a920 nmethod 4470 0x000001bac0bbe510 code [0x000001bac0bbe700, 0x000001bac0bbebd8]
Event: 7.602 Thread 0x000001bad005ef40 4471       1       org.springframework.beans.PropertyDescriptorUtils$BasicPropertyDescriptor::setWriteMethod (6 bytes)
Event: 7.602 Thread 0x000001bad005ef40 nmethod 4471 0x000001bac0bbe210 code [0x000001bac0bbe3a0, 0x000001bac0bbe4b8]

GC Heap History (17 events):
Event: 0.793 GC heap before
{Heap before GC invocations=0 (full 0):
 garbage-first heap   total 260096K, used 20480K [0x0000000703600000, 0x0000000800000000)
  region size 2048K, 11 young (22528K), 0 survivors (0K)
 Metaspace       used 7012K, committed 7232K, reserved 1056768K
  class space    used 890K, committed 960K, reserved 1048576K
}
Event: 0.797 GC heap after
{Heap after GC invocations=1 (full 0):
 garbage-first heap   total 260096K, used 6471K [0x0000000703600000, 0x0000000800000000)
  region size 2048K, 2 young (4096K), 2 survivors (4096K)
 Metaspace       used 7012K, committed 7232K, reserved 1056768K
  class space    used 890K, committed 960K, reserved 1048576K
}
Event: 2.369 GC heap before
{Heap before GC invocations=1 (full 0):
 garbage-first heap   total 260096K, used 26951K [0x0000000703600000, 0x0000000800000000)
  region size 2048K, 12 young (24576K), 2 survivors (4096K)
 Metaspace       used 11320K, committed 11712K, reserved 1064960K
  class space    used 1548K, committed 1728K, reserved 1048576K
}
Event: 2.373 GC heap after
{Heap after GC invocations=2 (full 0):
 garbage-first heap   total 260096K, used 8623K [0x0000000703600000, 0x0000000800000000)
  region size 2048K, 1 young (2048K), 1 survivors (2048K)
 Metaspace       used 11320K, committed 11712K, reserved 1064960K
  class space    used 1548K, committed 1728K, reserved 1048576K
}
Event: 2.950 GC heap before
{Heap before GC invocations=2 (full 0):
 garbage-first heap   total 260096K, used 65967K [0x0000000703600000, 0x0000000800000000)
  region size 2048K, 29 young (59392K), 1 survivors (2048K)
 Metaspace       used 20359K, committed 20672K, reserved 1073152K
  class space    used 2784K, committed 2944K, reserved 1048576K
}
Event: 2.955 GC heap after
{Heap after GC invocations=3 (full 0):
 garbage-first heap   total 260096K, used 13015K [0x0000000703600000, 0x0000000800000000)
  region size 2048K, 4 young (8192K), 4 survivors (8192K)
 Metaspace       used 20359K, committed 20672K, reserved 1073152K
  class space    used 2784K, committed 2944K, reserved 1048576K
}
Event: 3.076 GC heap before
{Heap before GC invocations=3 (full 0):
 garbage-first heap   total 260096K, used 21207K [0x0000000703600000, 0x0000000800000000)
  region size 2048K, 9 young (18432K), 4 survivors (8192K)
 Metaspace       used 21222K, committed 21504K, reserved 1073152K
  class space    used 2906K, committed 3008K, reserved 1048576K
}
Event: 3.080 GC heap after
{Heap after GC invocations=4 (full 0):
 garbage-first heap   total 260096K, used 13229K [0x0000000703600000, 0x0000000800000000)
  region size 2048K, 4 young (8192K), 4 survivors (8192K)
 Metaspace       used 21222K, committed 21504K, reserved 1073152K
  class space    used 2906K, committed 3008K, reserved 1048576K
}
Event: 3.705 GC heap before
{Heap before GC invocations=5 (full 0):
 garbage-first heap   total 61440K, used 41901K [0x0000000703600000, 0x0000000800000000)
  region size 2048K, 18 young (36864K), 4 survivors (8192K)
 Metaspace       used 25033K, committed 25472K, reserved 1073152K
  class space    used 3460K, committed 3712K, reserved 1048576K
}
Event: 3.714 GC heap after
{Heap after GC invocations=6 (full 0):
 garbage-first heap   total 61440K, used 15357K [0x0000000703600000, 0x0000000800000000)
  region size 2048K, 2 young (4096K), 2 survivors (4096K)
 Metaspace       used 25033K, committed 25472K, reserved 1073152K
  class space    used 3460K, committed 3712K, reserved 1048576K
}
Event: 3.764 GC heap before
{Heap before GC invocations=6 (full 0):
 garbage-first heap   total 61440K, used 17405K [0x0000000703600000, 0x0000000800000000)
  region size 2048K, 3 young (6144K), 2 survivors (4096K)
 Metaspace       used 25237K, committed 25664K, reserved 1073152K
  class space    used 3494K, committed 3712K, reserved 1048576K
}
Event: 3.769 GC heap after
{Heap after GC invocations=7 (full 0):
 garbage-first heap   total 61440K, used 16123K [0x0000000703600000, 0x0000000800000000)
  region size 2048K, 1 young (2048K), 1 survivors (2048K)
 Metaspace       used 25237K, committed 25664K, reserved 1073152K
  class space    used 3494K, committed 3712K, reserved 1048576K
}
Event: 4.254 GC heap before
{Heap before GC invocations=7 (full 0):
 garbage-first heap   total 61440K, used 40699K [0x0000000703600000, 0x0000000800000000)
  region size 2048K, 13 young (26624K), 1 survivors (2048K)
 Metaspace       used 28520K, committed 28992K, reserved 1081344K
  class space    used 3947K, committed 4160K, reserved 1048576K
}
Event: 4.258 GC heap after
{Heap after GC invocations=8 (full 0):
 garbage-first heap   total 61440K, used 17907K [0x0000000703600000, 0x0000000800000000)
  region size 2048K, 2 young (4096K), 2 survivors (4096K)
 Metaspace       used 28520K, committed 28992K, reserved 1081344K
  class space    used 3947K, committed 4160K, reserved 1048576K
}
Event: 4.645 GC heap before
{Heap before GC invocations=8 (full 0):
 garbage-first heap   total 61440K, used 42483K [0x0000000703600000, 0x0000000800000000)
  region size 2048K, 14 young (28672K), 2 survivors (4096K)
 Metaspace       used 31737K, committed 32256K, reserved 1081344K
  class space    used 4395K, committed 4672K, reserved 1048576K
}
Event: 4.649 GC heap after
{Heap after GC invocations=9 (full 0):
 garbage-first heap   total 61440K, used 20159K [0x0000000703600000, 0x0000000800000000)
  region size 2048K, 2 young (4096K), 2 survivors (4096K)
 Metaspace       used 31737K, committed 32256K, reserved 1081344K
  class space    used 4395K, committed 4672K, reserved 1048576K
}
Event: 7.603 GC heap before
{Heap before GC invocations=9 (full 0):
 garbage-first heap   total 61440K, used 42687K [0x0000000703600000, 0x0000000800000000)
  region size 2048K, 13 young (26624K), 2 survivors (4096K)
 Metaspace       used 33961K, committed 34496K, reserved 1081344K
  class space    used 4699K, committed 4928K, reserved 1048576K
}

Deoptimization events (18 events):
Event: 0.594 Thread 0x000001bab762eaf0 DEOPT PACKING pc=0x000001bac08c992d sp=0x000000609dffde20
Event: 0.594 Thread 0x000001bab762eaf0 DEOPT UNPACKING pc=0x000001bac06a6763 sp=0x000000609dffd380 mode 3
Event: 0.719 Thread 0x000001bab762eaf0 DEOPT PACKING pc=0x000001bac0931881 sp=0x000000609dffd780
Event: 0.719 Thread 0x000001bab762eaf0 DEOPT UNPACKING pc=0x000001bac06a6763 sp=0x000000609dffcbd8 mode 3
Event: 2.530 Thread 0x000001bab762eaf0 DEOPT PACKING pc=0x000001bac0777879 sp=0x000000609dffd310
Event: 2.530 Thread 0x000001bab762eaf0 DEOPT UNPACKING pc=0x000001bac06a6763 sp=0x000000609dffc7f0 mode 3
Event: 2.644 Thread 0x000001bab762eaf0 DEOPT PACKING pc=0x000001bac0c7ea55 sp=0x000000609dffe160
Event: 2.644 Thread 0x000001bab762eaf0 DEOPT UNPACKING pc=0x000001bac06a6763 sp=0x000000609dffd608 mode 3
Event: 3.492 Thread 0x000001bab762eaf0 DEOPT PACKING pc=0x000001bac0e5f048 sp=0x000000609dffc960
Event: 3.492 Thread 0x000001bab762eaf0 DEOPT UNPACKING pc=0x000001bac06a6763 sp=0x000000609dffbdd0 mode 3
Event: 4.113 Thread 0x000001bab762eaf0 DEOPT PACKING pc=0x000001bac0ecb025 sp=0x000000609dffc450
Event: 4.113 Thread 0x000001bab762eaf0 DEOPT UNPACKING pc=0x000001bac06a6763 sp=0x000000609dffb9b8 mode 3
Event: 4.138 Thread 0x000001bad17316c0 DEOPT PACKING pc=0x000001bac0b10c1f sp=0x00000060a03fed80
Event: 4.138 Thread 0x000001bad17316c0 DEOPT UNPACKING pc=0x000001bac06a6763 sp=0x00000060a03fe1d8 mode 3
Event: 4.383 Thread 0x000001bab762eaf0 DEOPT PACKING pc=0x000001bac0784ad2 sp=0x000000609dffd280
Event: 4.383 Thread 0x000001bab762eaf0 DEOPT UNPACKING pc=0x000001bac06a6763 sp=0x000000609dffc788 mode 3
Event: 4.383 Thread 0x000001bab762eaf0 DEOPT PACKING pc=0x000001bac07918d5 sp=0x000000609dffd240
Event: 4.383 Thread 0x000001bab762eaf0 DEOPT UNPACKING pc=0x000001bac06a6763 sp=0x000000609dffc788 mode 3

Classes unloaded (0 events):
No events

Classes redefined (0 events):
No events

Internal exceptions (20 events):
Event: 3.786 Thread 0x000001bab762eaf0 Exception <a 'java/lang/NoSuchMethodError'{0x00000007132ee8f0}: 'void java.lang.invoke.DirectMethodHandle$Holder.invokeStatic(java.lang.Object, java.lang.Object, java.lang.Object, int, java.lang.Object)'> (0x00000007132ee8f0) 
thrown [t:\workspace\open\src\hotspot\share\interpreter\linkResolver.cpp, line 766]
Event: 3.786 Thread 0x000001bab762eaf0 Exception <a 'java/lang/NoSuchMethodError'{0x00000007132f5df8}: 'java.lang.Object java.lang.invoke.DirectMethodHandle$Holder.newInvokeSpecial(java.lang.Object, java.lang.Object, java.lang.Object, int)'> (0x00000007132f5df8) 
thrown [t:\workspace\open\src\hotspot\share\interpreter\linkResolver.cpp, line 766]
Event: 3.786 Thread 0x000001bab762eaf0 Exception <a 'java/lang/NoSuchMethodError'{0x00000007132fa0e0}: 'java.lang.Object java.lang.invoke.DirectMethodHandle$Holder.invokeSpecial(java.lang.Object, java.lang.Object, java.lang.Object, java.lang.Object, int)'> (0x00000007132fa0e0) 
thrown [t:\workspace\open\src\hotspot\share\interpreter\linkResolver.cpp, line 766]
Event: 3.787 Thread 0x000001bab762eaf0 Exception <a 'java/lang/NoSuchMethodError'{0x00000007132fdca8}: 'java.lang.Object java.lang.invoke.Invokers$Holder.linkToTargetMethod(java.lang.Object, java.lang.Object, int, java.lang.Object)'> (0x00000007132fdca8) 
thrown [t:\workspace\open\src\hotspot\share\interpreter\linkResolver.cpp, line 766]
Event: 3.993 Thread 0x000001bab762eaf0 Exception <a 'java/lang/NoSuchMethodError'{0x00000007064f6228}: 'java.lang.Object java.lang.invoke.DirectMethodHandle$Holder.invokeSpecial(java.lang.Object, java.lang.Object, long, java.lang.Object, java.lang.Object, java.lang.Object, java.lang.Object, java.lang.Object, java.lang.Object)'> (0x00000007064f6228) 
thrown [t:\workspace\open\src\hotspot\share\interpreter\linkResolver.cpp, line 766]
Event: 3.993 Thread 0x000001bab762eaf0 Exception <a 'java/lang/NoSuchMethodError'{0x00000007064fad50}: 'java.lang.Object java.lang.invoke.DelegatingMethodHandle$Holder.reinvoke_L(java.lang.Object, long, java.lang.Object, java.lang.Object, java.lang.Object, java.lang.Object, java.lang.Object, java.lang.Object)'> (0x00000007064fad50) 
thrown [t:\workspace\open\src\hotspot\share\interpreter\linkResolver.cpp, line 766]
Event: 4.039 Thread 0x000001bab762eaf0 Exception <a 'java/io/FileNotFoundException'{0x0000000706285aa0}> (0x0000000706285aa0) 
thrown [t:\workspace\open\src\hotspot\share\prims\jni.cpp, line 516]
Event: 4.079 Thread 0x000001bab762eaf0 Exception <a 'java/lang/NoSuchMethodError'{0x000000070603a198}: 'int java.lang.invoke.DirectMethodHandle$Holder.invokeInterface(java.lang.Object, java.lang.Object, java.lang.Object, java.lang.Object)'> (0x000000070603a198) 
thrown [t:\workspace\open\src\hotspot\share\interpreter\linkResolver.cpp, line 766]
Event: 4.122 Thread 0x000001bab762eaf0 Exception <a 'java/lang/NoSuchMethodError'{0x0000000705e5cf80}: 'long java.lang.invoke.DirectMethodHandle$Holder.invokeVirtual(java.lang.Object, java.lang.Object)'> (0x0000000705e5cf80) 
thrown [t:\workspace\open\src\hotspot\share\interpreter\linkResolver.cpp, line 766]
Event: 4.175 Thread 0x000001bab762eaf0 Exception <a 'java/lang/IncompatibleClassChangeError'{0x0000000705d57b20}: Found class java.lang.Object, but interface was expected> (0x0000000705d57b20) 
thrown [t:\workspace\open\src\hotspot\share\interpreter\linkResolver.cpp, line 833]
Event: 4.240 Thread 0x000001bad172e6a0 Exception <a 'java/lang/reflect/InvocationTargetException'{0x000000070596cc08}> (0x000000070596cc08) 
thrown [t:\workspace\open\src\hotspot\share\runtime\reflection.cpp, line 1121]
Event: 4.251 Thread 0x000001bab762eaf0 Exception <a 'java/lang/NoSuchMethodError'{0x00000007059e29e8}: 'int java.lang.invoke.DirectMethodHandle$Holder.invokeStatic(java.lang.Object, java.lang.Object, int)'> (0x00000007059e29e8) 
thrown [t:\workspace\open\src\hotspot\share\interpreter\linkResolver.cpp, line 766]
Event: 4.521 Thread 0x000001bab762eaf0 Exception <a 'sun/nio/fs/WindowsException'{0x0000000706343c78}> (0x0000000706343c78) 
thrown [t:\workspace\open\src\hotspot\share\prims\jni.cpp, line 516]
Event: 4.555 Thread 0x000001bab762eaf0 Exception <a 'java/lang/IncompatibleClassChangeError'{0x0000000705e49750}: Found class java.lang.Object, but interface was expected> (0x0000000705e49750) 
thrown [t:\workspace\open\src\hotspot\share\interpreter\linkResolver.cpp, line 833]
Event: 4.588 Thread 0x000001bab762eaf0 Exception <a 'java/lang/NoSuchMethodError'{0x0000000705fd82b8}: 'void java.lang.invoke.DirectMethodHandle$Holder.invokeVirtual(java.lang.Object, java.lang.Object, long)'> (0x0000000705fd82b8) 
thrown [t:\workspace\open\src\hotspot\share\interpreter\linkResolver.cpp, line 766]
Event: 4.668 Thread 0x000001bab762eaf0 Exception <a 'java/lang/NoSuchMethodError'{0x00000007132d9258}: 'int java.lang.invoke.DirectMethodHandle$Holder.invokeStaticInit(java.lang.Object, java.lang.Object, java.lang.Object, java.lang.Object)'> (0x00000007132d9258) 
thrown [t:\workspace\open\src\hotspot\share\interpreter\linkResolver.cpp, line 766]
Event: 4.747 Thread 0x000001bad172e6a0 Exception <a 'java/lang/reflect/InvocationTargetException'{0x0000000712961b88}> (0x0000000712961b88) 
thrown [t:\workspace\open\src\hotspot\share\runtime\reflection.cpp, line 1121]
Event: 5.253 Thread 0x000001bad172e6a0 Exception <a 'java/lang/reflect/InvocationTargetException'{0x000000071299db20}> (0x000000071299db20) 
thrown [t:\workspace\open\src\hotspot\share\runtime\reflection.cpp, line 1121]
Event: 5.761 Thread 0x000001bad172e6a0 Exception <a 'java/lang/reflect/InvocationTargetException'{0x00000007129c15b0}> (0x00000007129c15b0) 
thrown [t:\workspace\open\src\hotspot\share\runtime\reflection.cpp, line 1121]
Event: 6.275 Thread 0x000001bab762eaf0 Exception <a 'java/lang/IncompatibleClassChangeError'{0x0000000705f12d00}: Found class java.lang.Object, but interface was expected> (0x0000000705f12d00) 
thrown [t:\workspace\open\src\hotspot\share\interpreter\linkResolver.cpp, line 833]

VM Operations (20 events):
Event: 4.426 Executing VM operation: HandshakeAllThreads done
Event: 4.467 Executing VM operation: HandshakeAllThreads
Event: 4.467 Executing VM operation: HandshakeAllThreads done
Event: 4.615 Executing VM operation: HandshakeAllThreads
Event: 4.616 Executing VM operation: HandshakeAllThreads done
Event: 4.645 Executing VM operation: G1CollectForAllocation
Event: 4.649 Executing VM operation: G1CollectForAllocation done
Event: 5.663 Executing VM operation: Cleanup
Event: 5.663 Executing VM operation: Cleanup done
Event: 6.056 Executing VM operation: HandshakeAllThreads
Event: 6.056 Executing VM operation: HandshakeAllThreads done
Event: 6.056 Executing VM operation: HandshakeAllThreads
Event: 6.057 Executing VM operation: HandshakeAllThreads done
Event: 6.057 Executing VM operation: HandshakeAllThreads
Event: 6.057 Executing VM operation: HandshakeAllThreads done
Event: 7.067 Executing VM operation: Cleanup
Event: 7.067 Executing VM operation: Cleanup done
Event: 7.600 Executing VM operation: HandshakeAllThreads
Event: 7.600 Executing VM operation: HandshakeAllThreads done
Event: 7.603 Executing VM operation: G1CollectForAllocation

Events (20 events):
Event: 7.285 Thread 0x000001bad177ae30 Thread exited: 0x000001bad177ae30
Event: 7.289 Thread 0x000001bad172f9e0 Thread exited: 0x000001bad172f9e0
Event: 7.597 loading class java/util/Hashtable$EntrySet
Event: 7.597 loading class java/util/Hashtable$EntrySet done
Event: 7.597 loading class javax/management/modelmbean/RequiredModelMBean
Event: 7.598 loading class javax/management/modelmbean/RequiredModelMBean done
Event: 7.598 loading class javax/management/modelmbean/ModelMBeanInfoSupport
Event: 7.598 loading class javax/management/modelmbean/ModelMBeanInfoSupport done
Event: 7.599 loading class javax/management/modelmbean/ModelMBeanAttributeInfo
Event: 7.599 loading class javax/management/DescriptorAccess
Event: 7.599 loading class javax/management/DescriptorAccess done
Event: 7.599 loading class javax/management/modelmbean/ModelMBeanAttributeInfo done
Event: 7.599 loading class javax/management/modelmbean/ModelMBeanConstructorInfo
Event: 7.599 loading class javax/management/modelmbean/ModelMBeanConstructorInfo done
Event: 7.599 loading class javax/management/modelmbean/ModelMBeanNotificationInfo
Event: 7.599 loading class javax/management/modelmbean/ModelMBeanNotificationInfo done
Event: 7.599 loading class javax/management/modelmbean/ModelMBeanOperationInfo
Event: 7.599 loading class javax/management/modelmbean/ModelMBeanOperationInfo done
Event: 7.599 loading class javax/management/modelmbean/DescriptorSupport
Event: 7.600 loading class javax/management/modelmbean/DescriptorSupport done


Dynamic libraries:
0x00007ff798bc0000 - 0x00007ff798bd0000 	C:\Program Files\Java\jdk-17.0.2\bin\java.exe
0x00007fff4bba0000 - 0x00007fff4bda9000 	C:\WINDOWS\SYSTEM32\ntdll.dll
0x00007fff4aa30000 - 0x00007fff4aaed000 	C:\WINDOWS\System32\KERNEL32.DLL
0x00007fff49030000 - 0x00007fff493b4000 	C:\WINDOWS\System32\KERNELBASE.dll
0x00007fff49660000 - 0x00007fff49771000 	C:\WINDOWS\System32\ucrtbase.dll
0x00007fff2ff30000 - 0x00007fff2ff4a000 	C:\Program Files\Java\jdk-17.0.2\bin\VCRUNTIME140.dll
0x00007fff2ff10000 - 0x00007fff2ff28000 	C:\Program Files\Java\jdk-17.0.2\bin\jli.dll
0x00007fff4a030000 - 0x00007fff4a0de000 	C:\WINDOWS\System32\ADVAPI32.dll
0x00007fff4aaf0000 - 0x00007fff4ab93000 	C:\WINDOWS\System32\msvcrt.dll
0x00007fff4b100000 - 0x00007fff4b19e000 	C:\WINDOWS\System32\sechost.dll
0x00007fff49cc0000 - 0x00007fff49de1000 	C:\WINDOWS\System32\RPCRT4.dll
0x00007fff499f0000 - 0x00007fff49b9d000 	C:\WINDOWS\System32\USER32.dll
0x00007fff49940000 - 0x00007fff49966000 	C:\WINDOWS\System32\win32u.dll
0x00007fff49c90000 - 0x00007fff49cba000 	C:\WINDOWS\System32\GDI32.dll
0x00007fff48200000 - 0x00007fff484a5000 	C:\WINDOWS\WinSxS\amd64_microsoft.windows.common-controls_6595b64144ccf1df_6.0.22000.120_none_9d947278b86cc467\COMCTL32.dll
0x00007fff49820000 - 0x00007fff4993e000 	C:\WINDOWS\System32\gdi32full.dll
0x00007fff49780000 - 0x00007fff4981d000 	C:\WINDOWS\System32\msvcp_win.dll
0x00007fff47dd0000 - 0x00007fff47dda000 	C:\WINDOWS\SYSTEM32\VERSION.dll
0x00007fff4aee0000 - 0x00007fff4af11000 	C:\WINDOWS\System32\IMM32.DLL
0x00007fff42fe0000 - 0x00007fff42fec000 	C:\Program Files\Java\jdk-17.0.2\bin\vcruntime140_1.dll
0x00007ffee0b90000 - 0x00007ffee0c1d000 	C:\Program Files\Java\jdk-17.0.2\bin\msvcp140.dll
0x00007ffe91190000 - 0x00007ffe91d51000 	C:\Program Files\Java\jdk-17.0.2\bin\server\jvm.dll
0x00007fff49c80000 - 0x00007fff49c88000 	C:\WINDOWS\System32\PSAPI.DLL
0x00007fff41b00000 - 0x00007fff41b33000 	C:\WINDOWS\SYSTEM32\WINMM.dll
0x00007fff1eba0000 - 0x00007fff1eba9000 	C:\WINDOWS\SYSTEM32\WSOCK32.dll
0x00007fff4ac40000 - 0x00007fff4acaf000 	C:\WINDOWS\System32\WS2_32.dll
0x00007fff47240000 - 0x00007fff47258000 	C:\WINDOWS\SYSTEM32\kernel.appcore.dll
0x00007fff2ad10000 - 0x00007fff2ad1a000 	C:\Program Files\Java\jdk-17.0.2\bin\jimage.dll
0x00007fff48970000 - 0x00007fff48b91000 	C:\WINDOWS\SYSTEM32\DBGHELP.DLL
0x00007fff48580000 - 0x00007fff485b1000 	C:\WINDOWS\SYSTEM32\dbgcore.DLL
0x00007fff49970000 - 0x00007fff499ef000 	C:\WINDOWS\System32\bcryptPrimitives.dll
0x00007fff33950000 - 0x00007fff3395e000 	C:\Program Files\Java\jdk-17.0.2\bin\instrument.dll
0x00007fff2ac90000 - 0x00007fff2acb5000 	C:\Program Files\Java\jdk-17.0.2\bin\java.dll
0x00007ffedf470000 - 0x00007ffedf546000 	C:\Program Files\Java\jdk-17.0.2\bin\jsvml.dll
0x00007fff4b390000 - 0x00007fff4bb55000 	C:\WINDOWS\System32\SHELL32.dll
0x00007fff46230000 - 0x00007fff46a92000 	C:\WINDOWS\SYSTEM32\windows.storage.dll
0x00007fff4a230000 - 0x00007fff4a5a6000 	C:\WINDOWS\System32\combase.dll
0x00007fff460c0000 - 0x00007fff46227000 	C:\WINDOWS\SYSTEM32\wintypes.dll
0x00007fff4b010000 - 0x00007fff4b0fa000 	C:\WINDOWS\System32\SHCORE.dll
0x00007fff4abe0000 - 0x00007fff4ac3d000 	C:\WINDOWS\System32\shlwapi.dll
0x00007fff48f60000 - 0x00007fff48f85000 	C:\WINDOWS\SYSTEM32\profapi.dll
0x00007fff2a8b0000 - 0x00007fff2a8c8000 	C:\Program Files\Java\jdk-17.0.2\bin\zip.dll
0x00007fff2acf0000 - 0x00007fff2ad09000 	C:\Program Files\Java\jdk-17.0.2\bin\net.dll
0x00007fff42d30000 - 0x00007fff42e44000 	C:\WINDOWS\SYSTEM32\WINHTTP.dll
0x00007fff47f10000 - 0x00007fff47f77000 	C:\WINDOWS\system32\mswsock.dll
0x00007fff2a8d0000 - 0x00007fff2a8e6000 	C:\Program Files\Java\jdk-17.0.2\bin\nio.dll
0x00007fff2c110000 - 0x00007fff2c12a000 	D:\JetBrains\IntelliJ IDEA 2023.3.4\bin\breakgen64.dll
0x00007fff46d90000 - 0x00007fff46e77000 	C:\WINDOWS\SYSTEM32\DNSAPI.dll
0x00007fff46d60000 - 0x00007fff46d8d000 	C:\WINDOWS\SYSTEM32\IPHLPAPI.DLL
0x00007fff4aba0000 - 0x00007fff4aba9000 	C:\WINDOWS\System32\NSI.dll
0x00007fff3fc00000 - 0x00007fff3fc0a000 	C:\Windows\System32\rasadhlp.dll
0x00007fff3f7d0000 - 0x00007fff3f851000 	C:\WINDOWS\System32\fwpuclnt.dll
0x00007fff433b0000 - 0x00007fff433b9000 	C:\Program Files\Java\jdk-17.0.2\bin\management.dll
0x00007fff433a0000 - 0x00007fff433ab000 	C:\Program Files\Java\jdk-17.0.2\bin\management_ext.dll
0x00007fff48cd0000 - 0x00007fff48ce8000 	C:\WINDOWS\SYSTEM32\CRYPTSP.dll
0x00007fff471a0000 - 0x00007fff471d5000 	C:\WINDOWS\system32\rsaenh.dll
0x00007fff48000000 - 0x00007fff4802c000 	C:\WINDOWS\SYSTEM32\USERENV.dll
0x00007fff48900000 - 0x00007fff48927000 	C:\WINDOWS\SYSTEM32\bcrypt.dll
0x00007fff48150000 - 0x00007fff4815c000 	C:\WINDOWS\SYSTEM32\CRYPTBASE.dll
0x00007fff426b0000 - 0x00007fff426c9000 	C:\WINDOWS\SYSTEM32\dhcpcsvc6.DLL
0x00007fff43470000 - 0x00007fff4348e000 	C:\WINDOWS\SYSTEM32\dhcpcsvc.DLL
0x00007fff14170000 - 0x00007fff14187000 	C:\WINDOWS\system32\napinsp.dll
0x00007fff14150000 - 0x00007fff1416b000 	C:\WINDOWS\system32\pnrpnsp.dll
0x00007fff140b0000 - 0x00007fff140c2000 	C:\WINDOWS\System32\winrnr.dll
0x00007fff3fc10000 - 0x00007fff3fc25000 	C:\WINDOWS\system32\wshbth.dll
0x00007fff14090000 - 0x00007fff140af000 	C:\WINDOWS\system32\nlansp_c.dll
0x00007fff43380000 - 0x00007fff4338e000 	C:\Program Files\Java\jdk-17.0.2\bin\sunmscapi.dll
0x00007fff494f0000 - 0x00007fff49652000 	C:\WINDOWS\System32\CRYPT32.dll
0x00007fff48550000 - 0x00007fff48578000 	C:\WINDOWS\SYSTEM32\ncrypt.dll
0x00007fff48510000 - 0x00007fff48547000 	C:\WINDOWS\SYSTEM32\NTASN1.dll

dbghelp: loaded successfully - version: 4.0.5 - missing functions: none
symbol engine: initialized successfully - sym options: 0x614 - pdb path: .;C:\Program Files\Java\jdk-17.0.2\bin;C:\WINDOWS\SYSTEM32;C:\WINDOWS\WinSxS\amd64_microsoft.windows.common-controls_6595b64144ccf1df_6.0.22000.120_none_9d947278b86cc467;C:\Program Files\Java\jdk-17.0.2\bin\server;D:\JetBrains\IntelliJ IDEA 2023.3.4\bin

VM Arguments:
jvm_args: -XX:TieredStopAtLevel=1 -Dspring.output.ansi.enabled=always -Dcom.sun.management.jmxremote -Dspring.jmx.enabled=true -Dspring.liveBeansView.mbeanDomain -Dspring.application.admin.enabled=true -Dmanagement.endpoints.jmx.exposure.include=* -javaagent:D:\JetBrains\IntelliJ IDEA 2023.3.4\lib\idea_rt.jar=63579:D:\JetBrains\IntelliJ IDEA 2023.3.4\bin -Dfile.encoding=UTF-8 
java_command: com.example.gateway.SpringconsumerApplication
java_class_path (initial): C:\Users\28760\Desktop\springconsumer\target\classes;C:\Users\28760\.m2\repository\com\alibaba\cloud\spring-cloud-starter-alibaba-nacos-discovery\2022.0.0.0-RC2\spring-cloud-starter-alibaba-nacos-discovery-2022.0.0.0-RC2.jar;C:\Users\28760\.m2\repository\com\alibaba\cloud\spring-cloud-alibaba-commons\2022.0.0.0-RC2\spring-cloud-alibaba-commons-2022.0.0.0-RC2.jar;C:\Users\28760\.m2\repository\com\alibaba\nacos\nacos-client\2.2.1\nacos-client-2.2.1.jar;C:\Users\28760\.m2\repository\com\alibaba\nacos\nacos-auth-plugin\2.2.1\nacos-auth-plugin-2.2.1.jar;C:\Users\28760\.m2\repository\com\alibaba\nacos\nacos-encryption-plugin\2.2.1\nacos-encryption-plugin-2.2.1.jar;C:\Users\28760\.m2\repository\commons-codec\commons-codec\1.16.1\commons-codec-1.16.1.jar;C:\Users\28760\.m2\repository\com\fasterxml\jackson\core\jackson-core\2.15.4\jackson-core-2.15.4.jar;C:\Users\28760\.m2\repository\com\fasterxml\jackson\core\jackson-databind\2.15.4\jackson-databind-2.15.4.jar;C:\Users\28760\.m2\repository\com\fasterxml\jackson\core\jackson-annotations\2.15.4\jackson-annotations-2.15.4.jar;C:\Users\28760\.m2\repository\org\apache\httpcomponents\httpasyncclient\4.1.5\httpasyncclient-4.1.5.jar;C:\Users\28760\.m2\repository\org\apache\httpcomponents\httpcore\4.4.16\httpcore-4.4.16.jar;C:\Users\28760\.m2\repository\org\apache\httpcomponents\httpcore-nio\4.4.16\httpcore-nio-4.4.16.jar;C:\Users\28760\.m2\repository\org\apache\httpcomponents\httpclient\4.5.13\httpclient-4.5.13.jar;C:\Users\28760\.m2\repository\io\prometheus\simpleclient\0.16.0\simpleclient-0.16.0.jar;C:\Users\28760\.m2\repository\io\prometheus\simpleclient_tracer_otel\0.16.0\simpleclient_tracer_otel-0.16.0.jar;C:\Users\28760\.m2\repository\io\prometheus\simpleclient_tracer_common\0.16.0\simpleclient_tracer_common-0.16.0.jar;C:\Users\28760\.m2\repository\io\prometheus\simpleclient_tracer_otel_agent\0.16.0\simpleclient_tracer_otel_agent-0.16.0.jar;C:\Users\28760\.m2\repository\org\yaml\snakeyaml\2.2\snak
Launcher Type: SUN_STANDARD

[Global flags]
     intx CICompilerCount                          = 4                                         {product} {ergonomic}
     uint ConcGCThreads                            = 2                                         {product} {ergonomic}
     uint G1ConcRefinementThreads                  = 8                                         {product} {ergonomic}
   size_t G1HeapRegionSize                         = 2097152                                   {product} {ergonomic}
    uintx GCDrainStackTargetSize                   = 64                                        {product} {ergonomic}
   size_t InitialHeapSize                          = 266338304                                 {product} {ergonomic}
     bool ManagementServer                         = true                                      {product} {command line}
   size_t MarkStackSize                            = 4194304                                   {product} {ergonomic}
   size_t MaxHeapSize                              = 4238344192                                {product} {ergonomic}
   size_t MaxNewSize                               = 2541748224                                {product} {ergonomic}
   size_t MinHeapDeltaBytes                        = 2097152                                   {product} {ergonomic}
   size_t MinHeapSize                              = 8388608                                   {product} {ergonomic}
    uintx NonProfiledCodeHeapSize                  = 0                                      {pd product} {ergonomic}
     bool ProfileInterpreter                       = false                                  {pd product} {command line}
    uintx ProfiledCodeHeapSize                     = 0                                      {pd product} {ergonomic}
   size_t SoftMaxHeapSize                          = 4238344192                             {manageable} {ergonomic}
     intx TieredStopAtLevel                        = 1                                         {product} {command line}
     bool UseCompressedClassPointers               = true                           {product lp64_product} {ergonomic}
     bool UseCompressedOops                        = true                           {product lp64_product} {ergonomic}
     bool UseG1GC                                  = true                                      {product} {ergonomic}
     bool UseLargePagesIndividualAllocation        = false                                  {pd product} {ergonomic}

Logging:
Log output configuration:
 #0: stdout all=warning uptime,level,tags
 #1: stderr all=off uptime,level,tags

Environment Variables:
JAVA_HOME=C:\Program Files\Java\jdk-17.0.2
PATH=D:\VMware Workstation\bin\;D:\oracle\bin;C:\Program Files\Common Files\Oracle\Java\javapath;C:\Windows\system32;C:\Windows;C:\Windows\System32\Wbem;C:\Windows\System32\WindowsPowerShell\v1.0\;C:\Windows\System32\OpenSSH\;C:\Program Files (x86)\NVIDIA Corporation\PhysX\Common;C:\Program Files\NVIDIA Corporation\NVIDIA NvDLISR;C:\WINDOWS\system32;C:\WINDOWS;C:\WINDOWS\System32\Wbem;C:\WINDOWS\System32\WindowsPowerShell\v1.0\;C:\WINDOWS\System32\OpenSSH\;D:\Git\cmd;C:\Users\28760\AppData\Local\Programs\Python\Python38\Scripts;D:\;D:\Xshell\;C:\Program Files\Java\jdk-17.0.2\bin;D:\matlab\bin;D:\MySQL Server 8.0\bin;C:\Program Files\Java\jdk-17.0.2\bin;C:\Users\28760\AppData\Local\Programs\Python\Python38\Scripts\;C:\Users\28760\AppData\Local\Programs\Python\Python38\;D:\Python\Python310\Scripts\;D:\Python\Python310\;C:\Users\28760\AppData\Local\Microsoft\WindowsApps;C:\modeltech_10.1a\win32;C:\Program Files\JetBrains\DataGrip 2021.2.1\bin;;D:\Qt\5.12.11\msvc2017\plugins;D:\CLion 2021.1.3\bin;;D:\PyCharm Community Edition 2023.1\bin;;D:\WebStorm 2023.1\bin;;C:\Users\28760\AppData\Roaming\npm;C:\Users\28760\AppData\Local\Programs\Microsoft VS Code\bin;D:\JetBrains\IntelliJ IDEA 2023.3.4\bin;;D:\MySQL Server 8.0\bin;C:\Program Files\Java\jdk-17.0.2\bin;
USERNAME=28760
OS=Windows_NT
PROCESSOR_IDENTIFIER=Intel64 Family 6 Model 140 Stepping 1, GenuineIntel



---------------  S Y S T E M  ---------------

OS:
 Windows 11 , 64 bit Build 22000 (10.0.22000.2538)
OS uptime: 12 days 9:10 hours

CPU: total 8 (initial active 8) (4 cores per cpu, 2 threads per core) family 6 model 140 stepping 1 microcode 0x8a, cx8, cmov, fxsr, ht, mmx, 3dnowpref, sse, sse2, sse3, ssse3, sse4.1, sse4.2, popcnt, lzcnt, tsc, tscinvbit, avx, avx2, aes, erms, clmul, bmi1, bmi2, adx, avx512f, avx512dq, avx512cd, avx512bw, avx512vl, sha, fma, vzeroupper, avx512_vpopcntdq, avx512_vpclmulqdq, avx512_vaes, avx512_vnni, clflush, clflushopt, clwb, avx512_vbmi2, avx512_vbmi

Memory: 4k page, system-wide physical 16167M (1200M free)
TotalPageFile size 41767M (AvailPageFile size 5M)
current process WorkingSet (physical memory assigned to process): 154M, peak: 154M
current process commit charge ("private bytes"): 295M, peak: 379M

vm_info: Java HotSpot(TM) 64-Bit Server VM (17.0.2+8-LTS-86) for windows-amd64 JRE (17.0.2+8-LTS-86), built on Dec  7 2021 21:51:03 by "mach5one" with MS VC++ 16.8 / 16.9 (VS2019)

END.
