#
# There is insufficient memory for the Java Runtime Environment to continue.
# Native memory allocation (mmap) failed to map 266338304 bytes for G1 virtual space
# Possible reasons:
#   The system is out of physical RAM or swap space
#   The process is running with CompressedOops enabled, and the Java Heap may be blocking the growth of the native heap
# Possible solutions:
#   Reduce memory load on the system
#   Increase physical memory or swap space
#   Check if swap backing store is full
#   Decrease Java heap size (-Xmx/-Xms)
#   Decrease number of Java threads
#   Decrease Java thread stack sizes (-Xss)
#   Set larger code cache with -XX:ReservedCodeCacheSize=
#   JVM is running with Zero Based Compressed Oops mode in which the Java heap is
#     placed in the first 32GB address space. The Java Heap base address is the
#     maximum limit for the native heap growth. Please use -XX:HeapBaseMinAddress
#     to set the Java Heap base and to place the Java Heap above 32GB virtual address.
# This output file may be truncated or incomplete.
#
#  Out of Memory Error (os_windows.cpp:3532), pid=4532, tid=13628
#
# JRE version:  (17.0.2+8) (build )
# Java VM: Java HotSpot(TM) 64-Bit Server VM (17.0.2+8-LTS-86, mixed mode, emulated-client, sharing, tiered, compressed oops, compressed class ptrs, g1 gc, windows-amd64)
# No core dump will be written. Minidumps are not enabled by default on client versions of Windows
#

---------------  S U M M A R Y ------------

Command Line: -XX:TieredStopAtLevel=1 -Dspring.output.ansi.enabled=always -Dcom.sun.management.jmxremote -Dspring.jmx.enabled=true -Dspring.liveBeansView.mbeanDomain -Dspring.application.admin.enabled=true -Dmanagement.endpoints.jmx.exposure.include=* -javaagent:D:\JetBrains\IntelliJ IDEA 2023.3.4\lib\idea_rt.jar=56732:D:\JetBrains\IntelliJ IDEA 2023.3.4\bin -Dfile.encoding=UTF-8 com.java.springboot.App

Host: 11th Gen Intel(R) Core(TM) i5-11300H @ 3.10GHz, 8 cores, 15G,  Windows 11 , 64 bit Build 22000 (10.0.22000.2538)
Time: Tue Apr 23 15:37:45 2024  Windows 11 , 64 bit Build 22000 (10.0.22000.2538) elapsed time: 0.017854 seconds (0d 0h 0m 0s)

---------------  T H R E A D  ---------------

Current thread (0x000002506342b840):  JavaThread "Unknown thread" [_thread_in_vm, id=13628, stack(0x0000008307000000,0x0000008307100000)]

Stack: [0x0000008307000000,0x0000008307100000]
Native frames: (J=compiled Java code, j=interpreted, Vv=VM code, C=native code)
V  [jvm.dll+0x670baa]
V  [jvm.dll+0x7cfcb4]
V  [jvm.dll+0x7d145e]
V  [jvm.dll+0x7d1ac3]
V  [jvm.dll+0x242bc5]
V  [jvm.dll+0x66dac9]
V  [jvm.dll+0x662412]
V  [jvm.dll+0x300c0b]
V  [jvm.dll+0x3081a6]
V  [jvm.dll+0x357d0e]
V  [jvm.dll+0x357f3f]
V  [jvm.dll+0x2d7ec8]
V  [jvm.dll+0x2d8e34]
V  [jvm.dll+0x7a18c1]
V  [jvm.dll+0x365a91]
V  [jvm.dll+0x780d2c]
V  [jvm.dll+0x3e845f]
V  [jvm.dll+0x3e9f01]
C  [jli.dll+0x527b]
C  [ucrtbase.dll+0x26c0c]
C  [KERNEL32.DLL+0x153e0]
C  [ntdll.dll+0x485b]


---------------  P R O C E S S  ---------------

Threads class SMR info:
_java_thread_list=0x00007ffe91c29858, length=0, elements={
}

Java Threads: ( => current thread )

Other Threads:
  0x000002506347a310 GCTaskThread "GC Thread#0" [stack: 0x0000008307100000,0x0000008307200000] [id=48936]
  0x000002506348aee0 ConcurrentGCThread "G1 Main Marker" [stack: 0x0000008307200000,0x0000008307300000] [id=64112]
  0x000002506348b8f0 ConcurrentGCThread "G1 Conc#0" [stack: 0x0000008307300000,0x0000008307400000] [id=25296]

[error occurred during error reporting (printing all threads), id 0xc0000005, EXCEPTION_ACCESS_VIOLATION (0xc0000005) at pc=0x00007ffe914788a7]

VM state: not at safepoint (not fully initialized)

VM Mutex/Monitor currently owned by a thread:  ([mutex/lock_event])
[0x0000025063428d40] Heap_lock - owner thread: 0x000002506342b840

Heap address: 0x0000000703600000, size: 4042 MB, Compressed Oops mode: Zero based, Oop shift amount: 3

CDS archive(s) mapped at: [0x0000000000000000-0x0000000000000000-0x0000000000000000), size 0, SharedBaseAddress: 0x0000000800000000, ArchiveRelocationMode: 0.
Narrow klass base: 0x0000000000000000, Narrow klass shift: 0, Narrow klass range: 0x0

GC Precious Log:
<Empty>

Heap:
 garbage-first heap   total 0K, used 0K [0x0000000703600000, 0x0000000800000000)
  region size 2048K, 0 young (0K), 0 survivors (0K)

[error occurred during error reporting (printing heap information), id 0xc0000005, EXCEPTION_ACCESS_VIOLATION (0xc0000005) at pc=0x00007ffe91859f19]

GC Heap History (0 events):
No events

Deoptimization events (0 events):
No events

Classes unloaded (0 events):
No events

Classes redefined (0 events):
No events

Internal exceptions (0 events):
No events

VM Operations (0 events):
No events

Events (1 events):
Event: 0.011 Loaded shared library C:\Program Files\Java\jdk-17.0.2\bin\java.dll


Dynamic libraries:
0x00007ff798bc0000 - 0x00007ff798bd0000 	C:\Program Files\Java\jdk-17.0.2\bin\java.exe
0x00007fff4bba0000 - 0x00007fff4bda9000 	C:\WINDOWS\SYSTEM32\ntdll.dll
0x00007fff4aa30000 - 0x00007fff4aaed000 	C:\WINDOWS\System32\KERNEL32.DLL
0x00007fff49030000 - 0x00007fff493b4000 	C:\WINDOWS\System32\KERNELBASE.dll
0x00007fff49660000 - 0x00007fff49771000 	C:\WINDOWS\System32\ucrtbase.dll
0x00007fff2ff10000 - 0x00007fff2ff28000 	C:\Program Files\Java\jdk-17.0.2\bin\jli.dll
0x00007fff2ff30000 - 0x00007fff2ff4a000 	C:\Program Files\Java\jdk-17.0.2\bin\VCRUNTIME140.dll
0x00007fff4a030000 - 0x00007fff4a0de000 	C:\WINDOWS\System32\ADVAPI32.dll
0x00007fff4aaf0000 - 0x00007fff4ab93000 	C:\WINDOWS\System32\msvcrt.dll
0x00007fff4b100000 - 0x00007fff4b19e000 	C:\WINDOWS\System32\sechost.dll
0x00007fff49cc0000 - 0x00007fff49de1000 	C:\WINDOWS\System32\RPCRT4.dll
0x00007fff499f0000 - 0x00007fff49b9d000 	C:\WINDOWS\System32\USER32.dll
0x00007fff49940000 - 0x00007fff49966000 	C:\WINDOWS\System32\win32u.dll
0x00007fff49c90000 - 0x00007fff49cba000 	C:\WINDOWS\System32\GDI32.dll
0x00007fff48200000 - 0x00007fff484a5000 	C:\WINDOWS\WinSxS\amd64_microsoft.windows.common-controls_6595b64144ccf1df_6.0.22000.120_none_9d947278b86cc467\COMCTL32.dll
0x00007fff49820000 - 0x00007fff4993e000 	C:\WINDOWS\System32\gdi32full.dll
0x00007fff49780000 - 0x00007fff4981d000 	C:\WINDOWS\System32\msvcp_win.dll
0x00007fff47dd0000 - 0x00007fff47dda000 	C:\WINDOWS\SYSTEM32\VERSION.dll
0x00007fff4aee0000 - 0x00007fff4af11000 	C:\WINDOWS\System32\IMM32.DLL
0x00007fff42fe0000 - 0x00007fff42fec000 	C:\Program Files\Java\jdk-17.0.2\bin\vcruntime140_1.dll
0x00007ffee0b90000 - 0x00007ffee0c1d000 	C:\Program Files\Java\jdk-17.0.2\bin\msvcp140.dll
0x00007ffe91190000 - 0x00007ffe91d51000 	C:\Program Files\Java\jdk-17.0.2\bin\server\jvm.dll
0x00007fff49c80000 - 0x00007fff49c88000 	C:\WINDOWS\System32\PSAPI.DLL
0x00007fff41b00000 - 0x00007fff41b33000 	C:\WINDOWS\SYSTEM32\WINMM.dll
0x00007fff1eba0000 - 0x00007fff1eba9000 	C:\WINDOWS\SYSTEM32\WSOCK32.dll
0x00007fff4ac40000 - 0x00007fff4acaf000 	C:\WINDOWS\System32\WS2_32.dll
0x00007fff47240000 - 0x00007fff47258000 	C:\WINDOWS\SYSTEM32\kernel.appcore.dll
0x00007fff2ad10000 - 0x00007fff2ad1a000 	C:\Program Files\Java\jdk-17.0.2\bin\jimage.dll
0x00007fff48970000 - 0x00007fff48b91000 	C:\WINDOWS\SYSTEM32\DBGHELP.DLL
0x00007fff48580000 - 0x00007fff485b1000 	C:\WINDOWS\SYSTEM32\dbgcore.DLL
0x00007fff49970000 - 0x00007fff499ef000 	C:\WINDOWS\System32\bcryptPrimitives.dll
0x00007fff2c7f0000 - 0x00007fff2c7fe000 	C:\Program Files\Java\jdk-17.0.2\bin\instrument.dll
0x00007fff2ac90000 - 0x00007fff2acb5000 	C:\Program Files\Java\jdk-17.0.2\bin\java.dll

dbghelp: loaded successfully - version: 4.0.5 - missing functions: none
symbol engine: initialized successfully - sym options: 0x614 - pdb path: .;C:\Program Files\Java\jdk-17.0.2\bin;C:\WINDOWS\SYSTEM32;C:\WINDOWS\WinSxS\amd64_microsoft.windows.common-controls_6595b64144ccf1df_6.0.22000.120_none_9d947278b86cc467;C:\Program Files\Java\jdk-17.0.2\bin\server

VM Arguments:
jvm_args: -XX:TieredStopAtLevel=1 -Dspring.output.ansi.enabled=always -Dcom.sun.management.jmxremote -Dspring.jmx.enabled=true -Dspring.liveBeansView.mbeanDomain -Dspring.application.admin.enabled=true -Dmanagement.endpoints.jmx.exposure.include=* -javaagent:D:\JetBrains\IntelliJ IDEA 2023.3.4\lib\idea_rt.jar=56732:D:\JetBrains\IntelliJ IDEA 2023.3.4\bin -Dfile.encoding=UTF-8 
java_command: com.java.springboot.App
java_class_path (initial): C:\Users\28760\Desktop\SpringBoot\target\classes;C:\Users\28760\.m2\repository\org\springframework\boot\spring-boot-starter-web\3.2.3\spring-boot-starter-web-3.2.3.jar;C:\Users\28760\.m2\repository\org\springframework\boot\spring-boot-starter\3.2.3\spring-boot-starter-3.2.3.jar;C:\Users\28760\.m2\repository\org\springframework\boot\spring-boot\3.2.3\spring-boot-3.2.3.jar;C:\Users\28760\.m2\repository\org\springframework\boot\spring-boot-autoconfigure\3.2.3\spring-boot-autoconfigure-3.2.3.jar;C:\Users\28760\.m2\repository\org\springframework\boot\spring-boot-starter-logging\3.2.3\spring-boot-starter-logging-3.2.3.jar;C:\Users\28760\.m2\repository\ch\qos\logback\logback-classic\1.4.14\logback-classic-1.4.14.jar;C:\Users\28760\.m2\repository\ch\qos\logback\logback-core\1.4.14\logback-core-1.4.14.jar;C:\Users\28760\.m2\repository\org\apache\logging\log4j\log4j-to-slf4j\2.21.1\log4j-to-slf4j-2.21.1.jar;C:\Users\28760\.m2\repository\org\apache\logging\log4j\log4j-api\2.21.1\log4j-api-2.21.1.jar;C:\Users\28760\.m2\repository\org\slf4j\jul-to-slf4j\2.0.12\jul-to-slf4j-2.0.12.jar;C:\Users\28760\.m2\repository\jakarta\annotation\jakarta.annotation-api\2.1.1\jakarta.annotation-api-2.1.1.jar;C:\Users\28760\.m2\repository\org\yaml\snakeyaml\2.2\snakeyaml-2.2.jar;C:\Users\28760\.m2\repository\org\springframework\boot\spring-boot-starter-json\3.2.3\spring-boot-starter-json-3.2.3.jar;C:\Users\28760\.m2\repository\com\fasterxml\jackson\core\jackson-databind\2.15.4\jackson-databind-2.15.4.jar;C:\Users\28760\.m2\repository\com\fasterxml\jackson\core\jackson-annotations\2.15.4\jackson-annotations-2.15.4.jar;C:\Users\28760\.m2\repository\com\fasterxml\jackson\core\jackson-core\2.15.4\jackson-core-2.15.4.jar;C:\Users\28760\.m2\repository\com\fasterxml\jackson\datatype\jackson-datatype-jdk8\2.15.4\jackson-datatype-jdk8-2.15.4.jar;C:\Users\28760\.m2\repository\com\fasterxml\jackson\datatype\jackson-datatype-jsr310\2.15.4\jackson-datatype-jsr310-2.15.4.jar;C:\Us
Launcher Type: SUN_STANDARD

[Global flags]
     intx CICompilerCount                          = 4                                         {product} {ergonomic}
     uint ConcGCThreads                            = 2                                         {product} {ergonomic}
     uint G1ConcRefinementThreads                  = 8                                         {product} {ergonomic}
   size_t G1HeapRegionSize                         = 2097152                                   {product} {ergonomic}
    uintx GCDrainStackTargetSize                   = 64                                        {product} {ergonomic}
   size_t InitialHeapSize                          = 266338304                                 {product} {ergonomic}
     bool ManagementServer                         = true                                      {product} {command line}
   size_t MarkStackSize                            = 4194304                                   {product} {ergonomic}
   size_t MaxHeapSize                              = 4238344192                                {product} {ergonomic}
   size_t MinHeapDeltaBytes                        = 2097152                                   {product} {ergonomic}
   size_t MinHeapSize                              = 8388608                                   {product} {ergonomic}
    uintx NonProfiledCodeHeapSize                  = 0                                      {pd product} {ergonomic}
     bool ProfileInterpreter                       = false                                  {pd product} {command line}
    uintx ProfiledCodeHeapSize                     = 0                                      {pd product} {ergonomic}
   size_t SoftMaxHeapSize                          = 4238344192                             {manageable} {ergonomic}
     intx TieredStopAtLevel                        = 1                                         {product} {command line}
     bool UseCompressedClassPointers               = true                           {product lp64_product} {ergonomic}
     bool UseCompressedOops                        = true                           {product lp64_product} {ergonomic}
     bool UseG1GC                                  = true                                      {product} {ergonomic}
     bool UseLargePagesIndividualAllocation        = false                                  {pd product} {ergonomic}

Logging:
Log output configuration:
 #0: stdout all=warning uptime,level,tags
 #1: stderr all=off uptime,level,tags

Environment Variables:
PATH=D:\VMware Workstation\bin\;D:\oracle\bin;C:\Program Files\Common Files\Oracle\Java\javapath;C:\Windows\system32;C:\Windows;C:\Windows\System32\Wbem;C:\Windows\System32\WindowsPowerShell\v1.0\;C:\Windows\System32\OpenSSH\;C:\Program Files (x86)\NVIDIA Corporation\PhysX\Common;C:\Program Files\NVIDIA Corporation\NVIDIA NvDLISR;C:\WINDOWS\system32;C:\WINDOWS;C:\WINDOWS\System32\Wbem;C:\WINDOWS\System32\WindowsPowerShell\v1.0\;C:\WINDOWS\System32\OpenSSH\;D:\Git\cmd;C:\Users\28760\AppData\Local\Programs\Python\Python38\Scripts;D:\;D:\Xshell\;%JAVA_HOME%\bin;D:\matlab\bin;D:\MySQL Server 8.0\bin;C:\Users\28760\AppData\Local\Programs\Python\Python38\Scripts\;C:\Users\28760\AppData\Local\Programs\Python\Python38\;D:\Python\Python310\Scripts\;D:\Python\Python310\;C:\Users\28760\AppData\Local\Microsoft\WindowsApps;C:\modeltech_10.1a\win32;C:\Program Files\JetBrains\DataGrip 2021.2.1\bin;;D:\Qt\5.12.11\msvc2017\plugins;D:\CLion 2021.1.3\bin;;D:\PyCharm Community Edition 2023.1\bin;;D:\WebStorm 2023.1\bin;;C:\Users\28760\AppData\Roaming\npm;C:\Users\28760\AppData\Local\Programs\Microsoft VS Code\bin;D:\JetBrains\IntelliJ IDEA 2023.3.4\bin;;D:\MySQL Server 8.0\bin;
USERNAME=28760
OS=Windows_NT
PROCESSOR_IDENTIFIER=Intel64 Family 6 Model 140 Stepping 1, GenuineIntel



---------------  S Y S T E M  ---------------

OS:
 Windows 11 , 64 bit Build 22000 (10.0.22000.2538)
OS uptime: 12 days 3:29 hours

CPU: total 8 (initial active 8) (4 cores per cpu, 2 threads per core) family 6 model 140 stepping 1 microcode 0x8a, cx8, cmov, fxsr, ht, mmx, 3dnowpref, sse, sse2, sse3, ssse3, sse4.1, sse4.2, popcnt, lzcnt, tsc, tscinvbit, avx, avx2, aes, erms, clmul, bmi1, bmi2, adx, avx512f, avx512dq, avx512cd, avx512bw, avx512vl, sha, fma, vzeroupper, avx512_vpopcntdq, avx512_vpclmulqdq, avx512_vaes, avx512_vnni, clflush, clflushopt, clwb, avx512_vbmi2, avx512_vbmi

Memory: 4k page, system-wide physical 16167M (1701M free)
TotalPageFile size 41767M (AvailPageFile size 152M)
current process WorkingSet (physical memory assigned to process): 10M, peak: 10M
current process commit charge ("private bytes"): 55M, peak: 309M

vm_info: Java HotSpot(TM) 64-Bit Server VM (17.0.2+8-LTS-86) for windows-amd64 JRE (17.0.2+8-LTS-86), built on Dec  7 2021 21:51:03 by "mach5one" with MS VC++ 16.8 / 16.9 (VS2019)

END.
